2026-05-02 20:22:16 0 [Note] Starting MariaDB 10.4.32-MariaDB source revision c4143f909528e3fab0677a28631d10389354c491 as process 8756
2026-05-02 20:22:16 0 [Note] InnoDB: Mutexes and rw_locks use Windows interlocked functions
2026-05-02 20:22:16 0 [Note] InnoDB: Uses event mutexes
2026-05-02 20:22:16 0 [Note] InnoDB: Compressed tables use zlib 1.3
2026-05-02 20:22:16 0 [Note] InnoDB: Number of pools: 1
2026-05-02 20:22:16 0 [Note] InnoDB: Using SSE2 crc32 instructions
2026-05-02 20:22:16 0 [Note] InnoDB: Initializing buffer pool, total size = 16M, instances = 1, chunk size = 16M
2026-05-02 20:22:16 0 [Note] InnoDB: Completed initialization of buffer pool
2026-05-02 20:22:16 0 [Note] InnoDB: Starting crash recovery from checkpoint LSN=300288
2026-05-02 20:22:16 0 [Note] InnoDB: 128 out of 128 rollback segments are active.
2026-05-02 20:22:16 0 [Note] InnoDB: Removed temporary tablespace data file: "ibtmp1"
2026-05-02 20:22:16 0 [Note] InnoDB: Creating shared tablespace for temporary tables
2026-05-02 20:22:16 0 [Note] InnoDB: Setting file 'E:\xampp\mysql\data\ibtmp1' size to 12 MB. Physically writing the file full; Please wait ...
2026-05-02 20:22:16 0 [Note] InnoDB: File 'E:\xampp\mysql\data\ibtmp1' size is now 12 MB.
2026-05-02 20:22:16 0 [Note] InnoDB: Waiting for purge to start
2026-05-02 20:22:16 0 [Note] InnoDB: 10.4.32 started; log sequence number 300297; transaction id 170
2026-05-02 20:22:16 0 [Note] InnoDB: Loading buffer pool(s) from E:\xampp\mysql\data\ib_buffer_pool
2026-05-02 20:22:16 0 [Note] Plugin 'FEEDBACK' is disabled.
2026-05-02 20:22:16 0 [Note] InnoDB: Buffer pool(s) load completed at 260502 20:22:16
2026-05-02 20:22:16 0 [Note] Server socket created on IP: '::'.
2026-05-06 11:31:58 0 [Note] Starting MariaDB 10.4.32-MariaDB source revision c4143f909528e3fab0677a28631d10389354c491 as process 22320
2026-05-06 11:31:58 0 [Note] InnoDB: Mutexes and rw_locks use Windows interlocked functions
2026-05-06 11:31:58 0 [Note] InnoDB: Uses event mutexes
2026-05-06 11:31:58 0 [Note] InnoDB: Compressed tables use zlib 1.3
2026-05-06 11:31:58 0 [Note] InnoDB: Number of pools: 1
2026-05-06 11:31:58 0 [Note] InnoDB: Using SSE2 crc32 instructions
2026-05-06 11:31:58 0 [Note] InnoDB: Initializing buffer pool, total size = 16M, instances = 1, chunk size = 16M
2026-05-06 11:31:58 0 [Note] InnoDB: Completed initialization of buffer pool
2026-05-06 11:31:58 0 [Note] InnoDB: Starting crash recovery from checkpoint LSN=1124076
2026-05-06 11:31:59 0 [Note] InnoDB: 128 out of 128 rollback segments are active.
2026-05-06 11:31:59 0 [Note] InnoDB: Removed temporary tablespace data file: "ibtmp1"
2026-05-06 11:31:59 0 [Note] InnoDB: Creating shared tablespace for temporary tables
2026-05-06 11:31:59 0 [Note] InnoDB: Setting file 'E:\xampp\mysql\data\ibtmp1' size to 12 MB. Physically writing the file full; Please wait ...
2026-05-06 11:31:59 0 [Note] InnoDB: File 'E:\xampp\mysql\data\ibtmp1' size is now 12 MB.
2026-05-06 11:31:59 0 [Note] InnoDB: Waiting for purge to start
2026-05-06 11:31:59 0 [Note] InnoDB: 10.4.32 started; log sequence number 1124085; transaction id 1254
2026-05-06 11:31:59 0 [Note] InnoDB: Loading buffer pool(s) from E:\xampp\mysql\data\ib_buffer_pool
2026-05-06 11:31:59 0 [Note] Plugin 'FEEDBACK' is disabled.
2026-05-06 11:31:59 0 [Note] InnoDB: Buffer pool(s) load completed at 260506 11:31:59
2026-05-06 11:31:59 0 [Note] Server socket created on IP: '::'.
2026-05-07  8:08:12 0 [Note] Starting MariaDB 10.4.32-MariaDB source revision c4143f909528e3fab0677a28631d10389354c491 as process 18624
2026-05-07  8:08:12 0 [Note] InnoDB: Mutexes and rw_locks use Windows interlocked functions
2026-05-07  8:08:12 0 [Note] InnoDB: Uses event mutexes
2026-05-07  8:08:12 0 [Note] InnoDB: Compressed tables use zlib 1.3
2026-05-07  8:08:12 0 [Note] InnoDB: Number of pools: 1
2026-05-07  8:08:12 0 [Note] InnoDB: Using SSE2 crc32 instructions
2026-05-07  8:08:12 0 [Note] InnoDB: Initializing buffer pool, total size = 16M, instances = 1, chunk size = 16M
2026-05-07  8:08:12 0 [Note] InnoDB: Completed initialization of buffer pool
2026-05-07  8:08:12 0 [Note] InnoDB: Starting crash recovery from checkpoint LSN=1217551
2026-05-07  8:08:12 0 [Note] InnoDB: 128 out of 128 rollback segments are active.
2026-05-07  8:08:12 0 [Note] InnoDB: Removed temporary tablespace data file: "ibtmp1"
2026-05-07  8:08:12 0 [Note] InnoDB: Creating shared tablespace for temporary tables
2026-05-07  8:08:12 0 [Note] InnoDB: Setting file 'E:\xampp\mysql\data\ibtmp1' size to 12 MB. Physically writing the file full; Please wait ...
2026-05-07  8:08:12 0 [Note] InnoDB: File 'E:\xampp\mysql\data\ibtmp1' size is now 12 MB.
2026-05-07  8:08:12 0 [Note] InnoDB: Waiting for purge to start
2026-05-07  8:08:12 0 [Note] InnoDB: 10.4.32 started; log sequence number 1217560; transaction id 1558
2026-05-07  8:08:12 0 [Note] InnoDB: Loading buffer pool(s) from E:\xampp\mysql\data\ib_buffer_pool
2026-05-07  8:08:12 0 [Note] Plugin 'FEEDBACK' is disabled.
2026-05-07  8:08:12 0 [Note] Server socket created on IP: '::'.
2026-05-15  9:33:23 0 [Note] Starting MariaDB 10.4.32-MariaDB source revision c4143f909528e3fab0677a28631d10389354c491 as process 20380
2026-05-15  9:33:23 0 [Note] InnoDB: Mutexes and rw_locks use Windows interlocked functions
2026-05-15  9:33:23 0 [Note] InnoDB: Uses event mutexes
2026-05-15  9:33:23 0 [Note] InnoDB: Compressed tables use zlib 1.3
2026-05-15  9:33:23 0 [Note] InnoDB: Number of pools: 1
2026-05-15  9:33:23 0 [Note] InnoDB: Using SSE2 crc32 instructions
2026-05-15  9:33:23 0 [Note] InnoDB: Initializing buffer pool, total size = 16M, instances = 1, chunk size = 16M
2026-05-15  9:33:23 0 [Note] InnoDB: Completed initialization of buffer pool
2026-05-15  9:33:23 0 [Note] InnoDB: Starting crash recovery from checkpoint LSN=1620495
2026-05-15  9:33:23 0 [Note] InnoDB: 128 out of 128 rollback segments are active.
2026-05-15  9:33:23 0 [Note] InnoDB: Removed temporary tablespace data file: "ibtmp1"
2026-05-15  9:33:23 0 [Note] InnoDB: Creating shared tablespace for temporary tables
2026-05-15  9:33:23 0 [Note] InnoDB: Setting file 'E:\xampp\mysql\data\ibtmp1' size to 12 MB. Physically writing the file full; Please wait ...
2026-05-15  9:33:23 0 [Note] InnoDB: File 'E:\xampp\mysql\data\ibtmp1' size is now 12 MB.
2026-05-15  9:33:23 0 [Note] InnoDB: Waiting for purge to start
2026-05-15  9:33:23 0 [Note] InnoDB: 10.4.32 started; log sequence number 1620504; transaction id 2139
2026-05-15  9:33:23 0 [Note] InnoDB: Loading buffer pool(s) from E:\xampp\mysql\data\ib_buffer_pool
2026-05-15  9:33:23 0 [Note] Plugin 'FEEDBACK' is disabled.
2026-05-15  9:33:23 0 [Note] InnoDB: Buffer pool(s) load completed at 260515  9:33:23
2026-05-15  9:33:23 0 [Note] Server socket created on IP: '::'.
2026-05-18  8:18:12 0 [Note] Starting MariaDB 10.4.32-MariaDB source revision c4143f909528e3fab0677a28631d10389354c491 as process 16032
2026-05-18  8:18:12 0 [Note] InnoDB: Mutexes and rw_locks use Windows interlocked functions
2026-05-18  8:18:12 0 [Note] InnoDB: Uses event mutexes
2026-05-18  8:18:12 0 [Note] InnoDB: Compressed tables use zlib 1.3
2026-05-18  8:18:12 0 [Note] InnoDB: Number of pools: 1
2026-05-18  8:18:12 0 [Note] InnoDB: Using SSE2 crc32 instructions
2026-05-18  8:18:12 0 [Note] InnoDB: Initializing buffer pool, total size = 16M, instances = 1, chunk size = 16M
2026-05-18  8:18:12 0 [Note] InnoDB: Completed initialization of buffer pool
2026-05-18  8:18:13 0 [Note] InnoDB: Starting crash recovery from checkpoint LSN=1620920
2026-05-18  8:18:13 0 [Note] InnoDB: 128 out of 128 rollback segments are active.
2026-05-18  8:18:13 0 [Note] InnoDB: Removed temporary tablespace data file: "ibtmp1"
2026-05-18  8:18:13 0 [Note] InnoDB: Creating shared tablespace for temporary tables
2026-05-18  8:18:13 0 [Note] InnoDB: Setting file 'E:\xampp\mysql\data\ibtmp1' size to 12 MB. Physically writing the file full; Please wait ...
2026-05-18  8:18:13 0 [Note] InnoDB: File 'E:\xampp\mysql\data\ibtmp1' size is now 12 MB.
2026-05-18  8:18:13 0 [Note] InnoDB: Waiting for purge to start
2026-05-18  8:18:13 0 [Note] InnoDB: 10.4.32 started; log sequence number 1620929; transaction id 2187
2026-05-18  8:18:13 0 [Note] InnoDB: Loading buffer pool(s) from E:\xampp\mysql\data\ib_buffer_pool
2026-05-18  8:18:13 0 [Note] Plugin 'FEEDBACK' is disabled.
2026-05-18  8:18:13 0 [Note] Server socket created on IP: '::'.
2026-05-19  9:23:13 0 [Note] Starting MariaDB 10.4.32-MariaDB source revision c4143f909528e3fab0677a28631d10389354c491 as process 27984
2026-05-19  9:23:13 0 [Note] InnoDB: Mutexes and rw_locks use Windows interlocked functions
2026-05-19  9:23:13 0 [Note] InnoDB: Uses event mutexes
2026-05-19  9:23:13 0 [Note] InnoDB: Compressed tables use zlib 1.3
2026-05-19  9:23:13 0 [Note] InnoDB: Number of pools: 1
2026-05-19  9:23:13 0 [Note] InnoDB: Using SSE2 crc32 instructions
2026-05-19  9:23:13 0 [Note] InnoDB: Initializing buffer pool, total size = 16M, instances = 1, chunk size = 16M
2026-05-19  9:23:13 0 [Note] InnoDB: Completed initialization of buffer pool
2026-05-19  9:23:13 0 [Note] InnoDB: Starting crash recovery from checkpoint LSN=1640034
2026-05-19  9:23:13 0 [Note] InnoDB: 128 out of 128 rollback segments are active.
2026-05-19  9:23:13 0 [Note] InnoDB: Removed temporary tablespace data file: "ibtmp1"
2026-05-19  9:23:13 0 [Note] InnoDB: Creating shared tablespace for temporary tables
2026-05-19  9:23:13 0 [Note] InnoDB: Setting file 'E:\xampp\mysql\data\ibtmp1' size to 12 MB. Physically writing the file full; Please wait ...
2026-05-19  9:23:13 0 [Note] InnoDB: File 'E:\xampp\mysql\data\ibtmp1' size is now 12 MB.
2026-05-19  9:23:13 0 [Note] InnoDB: Waiting for purge to start
2026-05-19  9:23:13 0 [Note] InnoDB: 10.4.32 started; log sequence number 1640043; transaction id 2268
2026-05-19  9:23:13 0 [Note] InnoDB: Loading buffer pool(s) from E:\xampp\mysql\data\ib_buffer_pool
2026-05-19  9:23:13 0 [Note] Plugin 'FEEDBACK' is disabled.
2026-05-19  9:23:13 0 [Note] Server socket created on IP: '::'.
2026-05-22  3:26:01 0 [Note] Starting MariaDB 10.4.32-MariaDB source revision c4143f909528e3fab0677a28631d10389354c491 as process 20096
2026-05-22  3:26:01 0 [Note] InnoDB: Mutexes and rw_locks use Windows interlocked functions
2026-05-22  3:26:01 0 [Note] InnoDB: Uses event mutexes
2026-05-22  3:26:01 0 [Note] InnoDB: Compressed tables use zlib 1.3
2026-05-22  3:26:01 0 [Note] InnoDB: Number of pools: 1
2026-05-22  3:26:01 0 [Note] InnoDB: Using SSE2 crc32 instructions
2026-05-22  3:26:01 0 [Note] InnoDB: Initializing buffer pool, total size = 16M, instances = 1, chunk size = 16M
2026-05-22  3:26:01 0 [Note] InnoDB: Completed initialization of buffer pool
2026-05-22  3:26:01 0 [Note] InnoDB: Starting crash recovery from checkpoint LSN=1656909
2026-05-22  3:26:01 0 [Note] InnoDB: 128 out of 128 rollback segments are active.
2026-05-22  3:26:01 0 [Note] InnoDB: Removed temporary tablespace data file: "ibtmp1"
2026-05-22  3:26:01 0 [Note] InnoDB: Creating shared tablespace for temporary tables
2026-05-22  3:26:01 0 [Note] InnoDB: Setting file 'E:\xampp\mysql\data\ibtmp1' size to 12 MB. Physically writing the file full; Please wait ...
2026-05-22  3:26:01 0 [Note] InnoDB: File 'E:\xampp\mysql\data\ibtmp1' size is now 12 MB.
2026-05-22  3:26:01 0 [Note] InnoDB: Waiting for purge to start
2026-05-22  3:26:01 0 [Note] InnoDB: 10.4.32 started; log sequence number 1656918; transaction id 2341
2026-05-22  3:26:01 0 [Note] InnoDB: Loading buffer pool(s) from E:\xampp\mysql\data\ib_buffer_pool
2026-05-22  3:26:01 0 [Note] Plugin 'FEEDBACK' is disabled.
2026-05-22  3:26:01 0 [Note] InnoDB: Buffer pool(s) load completed at 260522  3:26:01
2026-05-22  3:26:01 0 [Note] Server socket created on IP: '::'.
2026-05-22  3:58:09 0 [Note] Starting MariaDB 10.4.32-MariaDB source revision c4143f909528e3fab0677a28631d10389354c491 as process 2552
2026-05-22  3:58:10 0 [Note] InnoDB: Mutexes and rw_locks use Windows interlocked functions
2026-05-22  3:58:10 0 [Note] InnoDB: Uses event mutexes
2026-05-22  3:58:10 0 [Note] InnoDB: Compressed tables use zlib 1.3
2026-05-22  3:58:10 0 [Note] InnoDB: Number of pools: 1
2026-05-22  3:58:10 0 [Note] InnoDB: Using SSE2 crc32 instructions
2026-05-22  3:58:10 0 [Note] InnoDB: Initializing buffer pool, total size = 16M, instances = 1, chunk size = 16M
2026-05-22  3:58:10 0 [Note] InnoDB: Completed initialization of buffer pool
2026-05-22  3:58:10 0 [Note] InnoDB: Starting crash recovery from checkpoint LSN=1656927
2026-05-22  3:58:10 0 [Note] InnoDB: 128 out of 128 rollback segments are active.
2026-05-22  3:58:10 0 [Note] InnoDB: Removed temporary tablespace data file: "ibtmp1"
2026-05-22  3:58:10 0 [Note] InnoDB: Creating shared tablespace for temporary tables
2026-05-22  3:58:10 0 [Note] InnoDB: Setting file 'E:\xampp\mysql\data\ibtmp1' size to 12 MB. Physically writing the file full; Please wait ...
2026-05-22  3:58:10 0 [Note] InnoDB: File 'E:\xampp\mysql\data\ibtmp1' size is now 12 MB.
2026-05-22  3:58:10 0 [Note] InnoDB: Waiting for purge to start
2026-05-22  3:58:10 0 [Note] InnoDB: 10.4.32 started; log sequence number 1656936; transaction id 2341
2026-05-22  3:58:10 0 [Note] InnoDB: Loading buffer pool(s) from E:\xampp\mysql\data\ib_buffer_pool
2026-05-22  3:58:10 0 [Note] Plugin 'FEEDBACK' is disabled.
2026-05-22  3:58:10 0 [Note] Server socket created on IP: '::'.
2026-05-25  9:43:34 0 [Note] Starting MariaDB 10.4.32-MariaDB source revision c4143f909528e3fab0677a28631d10389354c491 as process 9760
2026-05-25  9:43:34 0 [Note] InnoDB: Mutexes and rw_locks use Windows interlocked functions
2026-05-25  9:43:34 0 [Note] InnoDB: Uses event mutexes
2026-05-25  9:43:34 0 [Note] InnoDB: Compressed tables use zlib 1.3
2026-05-25  9:43:34 0 [Note] InnoDB: Number of pools: 1
2026-05-25  9:43:34 0 [Note] InnoDB: Using SSE2 crc32 instructions
2026-05-25  9:43:34 0 [Note] InnoDB: Initializing buffer pool, total size = 16M, instances = 1, chunk size = 16M
2026-05-25  9:43:34 0 [Note] InnoDB: Completed initialization of buffer pool
2026-05-25  9:43:34 0 [Note] InnoDB: Starting crash recovery from checkpoint LSN=1811935
2026-05-25  9:43:34 0 [Note] InnoDB: 128 out of 128 rollback segments are active.
2026-05-25  9:43:34 0 [Note] InnoDB: Removed temporary tablespace data file: "ibtmp1"
2026-05-25  9:43:34 0 [Note] InnoDB: Creating shared tablespace for temporary tables
2026-05-25  9:43:34 0 [Note] InnoDB: Setting file 'E:\xampp\mysql\data\ibtmp1' size to 12 MB. Physically writing the file full; Please wait ...
2026-05-25  9:43:34 0 [Note] InnoDB: File 'E:\xampp\mysql\data\ibtmp1' size is now 12 MB.
2026-05-25  9:43:34 0 [Note] InnoDB: Waiting for purge to start
2026-05-25  9:43:34 0 [Note] InnoDB: 10.4.32 started; log sequence number 1811944; transaction id 2598
2026-05-25  9:43:34 0 [Note] InnoDB: Loading buffer pool(s) from E:\xampp\mysql\data\ib_buffer_pool
2026-05-25  9:43:34 0 [Note] Plugin 'FEEDBACK' is disabled.
2026-05-25  9:43:34 0 [Note] Server socket created on IP: '::'.
2026-05-25  9:43:38 0 [Note] Starting MariaDB 10.4.32-MariaDB source revision c4143f909528e3fab0677a28631d10389354c491 as process 16304
2026-05-25  9:43:38 0 [Note] InnoDB: Mutexes and rw_locks use Windows interlocked functions
2026-05-25  9:43:38 0 [Note] InnoDB: Uses event mutexes
2026-05-25  9:43:38 0 [Note] InnoDB: Compressed tables use zlib 1.3
2026-05-25  9:43:38 0 [Note] InnoDB: Number of pools: 1
2026-05-25  9:43:38 0 [Note] InnoDB: Using SSE2 crc32 instructions
2026-05-25  9:43:38 0 [Note] InnoDB: Initializing buffer pool, total size = 16M, instances = 1, chunk size = 16M
2026-05-25  9:43:38 0 [Note] InnoDB: Completed initialization of buffer pool
2026-05-25  9:43:38 0 [Note] InnoDB: Starting crash recovery from checkpoint LSN=1811935
2026-05-25  9:43:38 0 [Note] InnoDB: 128 out of 128 rollback segments are active.
2026-05-25  9:43:38 0 [Note] InnoDB: Removed temporary tablespace data file: "ibtmp1"
2026-05-25  9:43:38 0 [Note] InnoDB: Creating shared tablespace for temporary tables
2026-05-25  9:43:38 0 [Note] InnoDB: Setting file 'E:\xampp\mysql\data\ibtmp1' size to 12 MB. Physically writing the file full; Please wait ...
2026-05-25  9:43:38 0 [Note] InnoDB: File 'E:\xampp\mysql\data\ibtmp1' size is now 12 MB.
2026-05-25  9:43:38 0 [Note] InnoDB: Waiting for purge to start
2026-05-25  9:43:38 0 [Note] InnoDB: 10.4.32 started; log sequence number 1811944; transaction id 2598
2026-05-25  9:43:38 0 [Note] InnoDB: Loading buffer pool(s) from E:\xampp\mysql\data\ib_buffer_pool
2026-05-25  9:43:38 0 [Note] Plugin 'FEEDBACK' is disabled.
2026-05-25  9:43:38 0 [Note] Server socket created on IP: '::'.
2026-05-25 19:05:10 0 [Note] Starting MariaDB 10.4.32-MariaDB source revision c4143f909528e3fab0677a28631d10389354c491 as process 16308
2026-05-25 19:05:10 0 [Note] InnoDB: Mutexes and rw_locks use Windows interlocked functions
2026-05-25 19:05:10 0 [Note] InnoDB: Uses event mutexes
2026-05-25 19:05:10 0 [Note] InnoDB: Compressed tables use zlib 1.3
2026-05-25 19:05:10 0 [Note] InnoDB: Number of pools: 1
2026-05-25 19:05:10 0 [Note] InnoDB: Using SSE2 crc32 instructions
2026-05-25 19:05:10 0 [Note] InnoDB: Initializing buffer pool, total size = 16M, instances = 1, chunk size = 16M
2026-05-25 19:05:10 0 [Note] InnoDB: Completed initialization of buffer pool
2026-05-25 19:05:10 0 [Note] InnoDB: Starting crash recovery from checkpoint LSN=1811953
2026-05-25 19:05:10 0 [Note] InnoDB: 128 out of 128 rollback segments are active.
2026-05-25 19:05:10 0 [Note] InnoDB: Removed temporary tablespace data file: "ibtmp1"
2026-05-25 19:05:10 0 [Note] InnoDB: Creating shared tablespace for temporary tables
2026-05-25 19:05:10 0 [Note] InnoDB: Setting file 'E:\xampp\mysql\data\ibtmp1' size to 12 MB. Physically writing the file full; Please wait ...
2026-05-25 19:05:10 0 [Note] InnoDB: File 'E:\xampp\mysql\data\ibtmp1' size is now 12 MB.
2026-05-25 19:05:10 0 [Note] InnoDB: Waiting for purge to start
2026-05-25 19:05:10 0 [Note] InnoDB: 10.4.32 started; log sequence number 1811962; transaction id 2598
2026-05-25 19:05:10 0 [Note] InnoDB: Loading buffer pool(s) from E:\xampp\mysql\data\ib_buffer_pool
2026-05-25 19:05:10 0 [Note] Plugin 'FEEDBACK' is disabled.
2026-05-25 19:05:10 0 [Note] Server socket created on IP: '::'.
2026-05-25 19:05:54 0 [Note] Starting MariaDB 10.4.32-MariaDB source revision c4143f909528e3fab0677a28631d10389354c491 as process 19420
2026-05-25 19:05:54 0 [Note] InnoDB: Mutexes and rw_locks use Windows interlocked functions
2026-05-25 19:05:54 0 [Note] InnoDB: Uses event mutexes
2026-05-25 19:05:54 0 [Note] InnoDB: Compressed tables use zlib 1.3
2026-05-25 19:05:54 0 [Note] InnoDB: Number of pools: 1
2026-05-25 19:05:54 0 [Note] InnoDB: Using SSE2 crc32 instructions
2026-05-25 19:05:54 0 [Note] InnoDB: Initializing buffer pool, total size = 16M, instances = 1, chunk size = 16M
2026-05-25 19:05:54 0 [Note] InnoDB: Completed initialization of buffer pool
2026-05-25 19:05:54 0 [Note] InnoDB: Starting crash recovery from checkpoint LSN=1811953
2026-05-25 19:05:54 0 [Note] InnoDB: 128 out of 128 rollback segments are active.
2026-05-25 19:05:54 0 [Note] InnoDB: Removed temporary tablespace data file: "ibtmp1"
2026-05-25 19:05:54 0 [Note] InnoDB: Creating shared tablespace for temporary tables
2026-05-25 19:05:54 0 [Note] InnoDB: Setting file 'E:\xampp\mysql\data\ibtmp1' size to 12 MB. Physically writing the file full; Please wait ...
2026-05-25 19:05:54 0 [Note] InnoDB: File 'E:\xampp\mysql\data\ibtmp1' size is now 12 MB.
2026-05-25 19:05:54 0 [Note] InnoDB: Waiting for purge to start
2026-05-25 19:05:54 0 [Note] InnoDB: 10.4.32 started; log sequence number 1811962; transaction id 2598
2026-05-25 19:05:54 0 [Note] InnoDB: Loading buffer pool(s) from E:\xampp\mysql\data\ib_buffer_pool
2026-05-25 19:05:54 0 [Note] Plugin 'FEEDBACK' is disabled.
2026-05-25 19:05:54 0 [Note] Server socket created on IP: '::'.
2026-05-26  6:44:22 0 [Note] Starting MariaDB 10.4.32-MariaDB source revision c4143f909528e3fab0677a28631d10389354c491 as process 13420
2026-05-26  6:44:22 0 [Note] InnoDB: Mutexes and rw_locks use Windows interlocked functions
2026-05-26  6:44:22 0 [Note] InnoDB: Uses event mutexes
2026-05-26  6:44:22 0 [Note] InnoDB: Compressed tables use zlib 1.3
2026-05-26  6:44:22 0 [Note] InnoDB: Number of pools: 1
2026-05-26  6:44:22 0 [Note] InnoDB: Using SSE2 crc32 instructions
2026-05-26  6:44:22 0 [Note] InnoDB: Initializing buffer pool, total size = 16M, instances = 1, chunk size = 16M
2026-05-26  6:44:22 0 [Note] InnoDB: Completed initialization of buffer pool
2026-05-26  6:44:22 0 [Note] InnoDB: Starting crash recovery from checkpoint LSN=1811987
2026-05-26  6:44:23 0 [Note] InnoDB: 128 out of 128 rollback segments are active.
2026-05-26  6:44:23 0 [Note] InnoDB: Removed temporary tablespace data file: "ibtmp1"
2026-05-26  6:44:23 0 [Note] InnoDB: Creating shared tablespace for temporary tables
2026-05-26  6:44:23 0 [Note] InnoDB: Setting file 'E:\xampp\mysql\data\ibtmp1' size to 12 MB. Physically writing the file full; Please wait ...
2026-05-26  6:44:23 0 [Note] InnoDB: File 'E:\xampp\mysql\data\ibtmp1' size is now 12 MB.
2026-05-26  6:44:23 0 [Note] InnoDB: Waiting for purge to start
2026-05-26  6:44:23 0 [Note] InnoDB: 10.4.32 started; log sequence number 1811996; transaction id 2598
2026-05-26  6:44:23 0 [Note] InnoDB: Loading buffer pool(s) from E:\xampp\mysql\data\ib_buffer_pool
2026-05-26  6:44:23 0 [Note] Plugin 'FEEDBACK' is disabled.
2026-05-26  6:44:23 0 [Note] Server socket created on IP: '::'.
2026-05-27 11:01:11 0 [Note] Starting MariaDB 10.4.32-MariaDB source revision c4143f909528e3fab0677a28631d10389354c491 as process 14168
2026-05-27 11:01:11 0 [Note] InnoDB: Mutexes and rw_locks use Windows interlocked functions
2026-05-27 11:01:11 0 [Note] InnoDB: Uses event mutexes
2026-05-27 11:01:11 0 [Note] InnoDB: Compressed tables use zlib 1.3
2026-05-27 11:01:11 0 [Note] InnoDB: Number of pools: 1
2026-05-27 11:01:11 0 [Note] InnoDB: Using SSE2 crc32 instructions
2026-05-27 11:01:11 0 [Note] InnoDB: Initializing buffer pool, total size = 16M, instances = 1, chunk size = 16M
2026-05-27 11:01:11 0 [Note] InnoDB: Completed initialization of buffer pool
2026-05-27 11:01:11 0 [Note] InnoDB: Starting crash recovery from checkpoint LSN=1919961
2026-05-27 11:01:11 0 [Note] InnoDB: 128 out of 128 rollback segments are active.
2026-05-27 11:01:11 0 [Note] InnoDB: Removed temporary tablespace data file: "ibtmp1"
2026-05-27 11:01:11 0 [Note] InnoDB: Creating shared tablespace for temporary tables
2026-05-27 11:01:11 0 [Note] InnoDB: Setting file 'E:\xampp\mysql\data\ibtmp1' size to 12 MB. Physically writing the file full; Please wait ...
2026-05-27 11:01:11 0 [Note] InnoDB: File 'E:\xampp\mysql\data\ibtmp1' size is now 12 MB.
2026-05-27 11:01:11 0 [Note] InnoDB: Waiting for purge to start
2026-05-27 11:01:12 0 [Note] InnoDB: 10.4.32 started; log sequence number 1919970; transaction id 2856
2026-05-27 11:01:12 0 [Note] InnoDB: Loading buffer pool(s) from E:\xampp\mysql\data\ib_buffer_pool
2026-05-27 11:01:12 0 [Note] Plugin 'FEEDBACK' is disabled.
2026-05-27 11:01:12 0 [Note] Server socket created on IP: '::'.
2026-05-28  8:41:50 0 [Note] Starting MariaDB 10.4.32-MariaDB source revision c4143f909528e3fab0677a28631d10389354c491 as process 14384
2026-05-28  8:41:50 0 [Note] InnoDB: Mutexes and rw_locks use Windows interlocked functions
2026-05-28  8:41:50 0 [Note] InnoDB: Uses event mutexes
2026-05-28  8:41:50 0 [Note] InnoDB: Compressed tables use zlib 1.3
2026-05-28  8:41:50 0 [Note] InnoDB: Number of pools: 1
2026-05-28  8:41:50 0 [Note] InnoDB: Using SSE2 crc32 instructions
2026-05-28  8:41:50 0 [Note] InnoDB: Initializing buffer pool, total size = 16M, instances = 1, chunk size = 16M
2026-05-28  8:41:50 0 [Note] InnoDB: Completed initialization of buffer pool
2026-05-28  8:41:50 0 [Note] InnoDB: Starting crash recovery from checkpoint LSN=1919979
2026-05-28  8:41:50 0 [Note] InnoDB: 128 out of 128 rollback segments are active.
2026-05-28  8:41:50 0 [Note] InnoDB: Removed temporary tablespace data file: "ibtmp1"
2026-05-28  8:41:50 0 [Note] InnoDB: Creating shared tablespace for temporary tables
2026-05-28  8:41:50 0 [Note] InnoDB: Setting file 'E:\xampp\mysql\data\ibtmp1' size to 12 MB. Physically writing the file full; Please wait ...
2026-05-28  8:41:50 0 [Note] InnoDB: File 'E:\xampp\mysql\data\ibtmp1' size is now 12 MB.
2026-05-28  8:41:50 0 [Note] InnoDB: Waiting for purge to start
2026-05-28  8:41:50 0 [Note] InnoDB: 10.4.32 started; log sequence number 1919988; transaction id 2856
2026-05-28  8:41:50 0 [Note] InnoDB: Loading buffer pool(s) from E:\xampp\mysql\data\ib_buffer_pool
2026-05-28  8:41:50 0 [Note] Plugin 'FEEDBACK' is disabled.
2026-05-28  8:41:50 0 [Note] Server socket created on IP: '::'.
2026-05-29 10:55:33 0 [Note] Starting MariaDB 10.4.32-MariaDB source revision c4143f909528e3fab0677a28631d10389354c491 as process 26208
2026-05-29 10:55:33 0 [Note] InnoDB: Mutexes and rw_locks use Windows interlocked functions
2026-05-29 10:55:33 0 [Note] InnoDB: Uses event mutexes
2026-05-29 10:55:33 0 [Note] InnoDB: Compressed tables use zlib 1.3
2026-05-29 10:55:33 0 [Note] InnoDB: Number of pools: 1
2026-05-29 10:55:33 0 [Note] InnoDB: Using SSE2 crc32 instructions
2026-05-29 10:55:33 0 [Note] InnoDB: Initializing buffer pool, total size = 16M, instances = 1, chunk size = 16M
2026-05-29 10:55:33 0 [Note] InnoDB: Completed initialization of buffer pool
2026-05-29 10:55:33 0 [Note] InnoDB: Starting crash recovery from checkpoint LSN=2014926
2026-05-29 10:55:34 0 [Note] InnoDB: 128 out of 128 rollback segments are active.
2026-05-29 10:55:34 0 [Note] InnoDB: Removed temporary tablespace data file: "ibtmp1"
2026-05-29 10:55:34 0 [Note] InnoDB: Creating shared tablespace for temporary tables
2026-05-29 10:55:34 0 [Note] InnoDB: Setting file 'E:\xampp\mysql\data\ibtmp1' size to 12 MB. Physically writing the file full; Please wait ...
2026-05-29 10:55:34 0 [Note] InnoDB: File 'E:\xampp\mysql\data\ibtmp1' size is now 12 MB.
2026-05-29 10:55:34 0 [Note] InnoDB: Waiting for purge to start
2026-05-29 10:55:34 0 [Note] InnoDB: 10.4.32 started; log sequence number 2014935; transaction id 3103
2026-05-29 10:55:34 0 [Note] InnoDB: Loading buffer pool(s) from E:\xampp\mysql\data\ib_buffer_pool
2026-05-29 10:55:34 0 [Note] Plugin 'FEEDBACK' is disabled.
2026-05-29 10:55:34 0 [Note] InnoDB: Buffer pool(s) load completed at 260529 10:55:34
2026-05-29 10:55:34 0 [Note] Server socket created on IP: '::'.
2026-05-31 12:46:28 0 [Note] Starting MariaDB 10.4.32-MariaDB source revision c4143f909528e3fab0677a28631d10389354c491 as process 6676
2026-05-31 12:46:28 0 [Note] InnoDB: Mutexes and rw_locks use Windows interlocked functions
2026-05-31 12:46:28 0 [Note] InnoDB: Uses event mutexes
2026-05-31 12:46:28 0 [Note] InnoDB: Compressed tables use zlib 1.3
2026-05-31 12:46:28 0 [Note] InnoDB: Number of pools: 1
2026-05-31 12:46:28 0 [Note] InnoDB: Using SSE2 crc32 instructions
2026-05-31 12:46:29 0 [Note] InnoDB: Initializing buffer pool, total size = 16M, instances = 1, chunk size = 16M
2026-05-31 12:46:29 0 [Note] InnoDB: Completed initialization of buffer pool
2026-05-31 12:46:29 0 [Note] InnoDB: Starting crash recovery from checkpoint LSN=2017488
2026-05-31 12:46:29 0 [Note] InnoDB: 128 out of 128 rollback segments are active.
2026-05-31 12:46:29 0 [Note] InnoDB: Removed temporary tablespace data file: "ibtmp1"
2026-05-31 12:46:29 0 [Note] InnoDB: Creating shared tablespace for temporary tables
2026-05-31 12:46:29 0 [Note] InnoDB: Setting file 'E:\xampp\mysql\data\ibtmp1' size to 12 MB. Physically writing the file full; Please wait ...
2026-05-31 12:46:29 0 [Note] InnoDB: File 'E:\xampp\mysql\data\ibtmp1' size is now 12 MB.
2026-05-31 12:46:29 0 [Note] InnoDB: Waiting for purge to start
2026-05-31 12:46:29 0 [Note] InnoDB: 10.4.32 started; log sequence number 2017497; transaction id 3129
2026-05-31 12:46:29 0 [Note] InnoDB: Loading buffer pool(s) from E:\xampp\mysql\data\ib_buffer_pool
2026-05-31 12:46:29 0 [Note] Plugin 'FEEDBACK' is disabled.
2026-05-31 12:46:29 0 [Note] Server socket created on IP: '::'.
2026-05-31 12:46:29 0 [Note] InnoDB: Buffer pool(s) load completed at 260531 12:46:29
2026-06-01  7:36:35 0 [Note] Starting MariaDB 10.4.32-MariaDB source revision c4143f909528e3fab0677a28631d10389354c491 as process 22560
2026-06-01  7:36:35 0 [Note] InnoDB: Mutexes and rw_locks use Windows interlocked functions
2026-06-01  7:36:35 0 [Note] InnoDB: Uses event mutexes
2026-06-01  7:36:35 0 [Note] InnoDB: Compressed tables use zlib 1.3
2026-06-01  7:36:35 0 [Note] InnoDB: Number of pools: 1
2026-06-01  7:36:35 0 [Note] InnoDB: Using SSE2 crc32 instructions
2026-06-01  7:36:35 0 [Note] InnoDB: Initializing buffer pool, total size = 16M, instances = 1, chunk size = 16M
2026-06-01  7:36:35 0 [Note] InnoDB: Completed initialization of buffer pool
2026-06-01  7:36:35 0 [Note] InnoDB: Starting crash recovery from checkpoint LSN=2030470
2026-06-01  7:36:36 0 [Note] InnoDB: 128 out of 128 rollback segments are active.
2026-06-01  7:36:36 0 [Note] InnoDB: Removed temporary tablespace data file: "ibtmp1"
2026-06-01  7:36:36 0 [Note] InnoDB: Creating shared tablespace for temporary tables
2026-06-01  7:36:36 0 [Note] InnoDB: Setting file 'E:\xampp\mysql\data\ibtmp1' size to 12 MB. Physically writing the file full; Please wait ...
2026-06-01  7:36:36 0 [Note] InnoDB: File 'E:\xampp\mysql\data\ibtmp1' size is now 12 MB.
2026-06-01  7:36:36 0 [Note] InnoDB: Waiting for purge to start
2026-06-01  7:36:36 0 [Note] InnoDB: 10.4.32 started; log sequence number 2030479; transaction id 3161
2026-06-01  7:36:36 0 [Note] Plugin 'FEEDBACK' is disabled.
2026-06-01  7:36:36 0 [Note] InnoDB: Loading buffer pool(s) from E:\xampp\mysql\data\ib_buffer_pool
2026-06-01  7:36:36 0 [Note] Server socket created on IP: '::'.
2026-06-01  7:36:36 0 [Note] InnoDB: Buffer pool(s) load completed at 260601  7:36:36
2026-06-01 23:54:29 0 [Note] Starting MariaDB 10.4.32-MariaDB source revision c4143f909528e3fab0677a28631d10389354c491 as process 34424
2026-06-01 23:54:29 0 [Note] InnoDB: Mutexes and rw_locks use Windows interlocked functions
2026-06-01 23:54:29 0 [Note] InnoDB: Uses event mutexes
2026-06-01 23:54:29 0 [Note] InnoDB: Compressed tables use zlib 1.3
2026-06-01 23:54:29 0 [Note] InnoDB: Number of pools: 1
2026-06-01 23:54:29 0 [Note] InnoDB: Using SSE2 crc32 instructions
2026-06-01 23:54:29 0 [Note] InnoDB: Initializing buffer pool, total size = 16M, instances = 1, chunk size = 16M
2026-06-01 23:54:29 0 [Note] InnoDB: Completed initialization of buffer pool
2026-06-01 23:54:29 0 [Note] InnoDB: Starting crash recovery from checkpoint LSN=2113503
2026-06-01 23:54:30 0 [Note] InnoDB: 128 out of 128 rollback segments are active.
2026-06-01 23:54:30 0 [Note] InnoDB: Removed temporary tablespace data file: "ibtmp1"
2026-06-01 23:54:30 0 [Note] InnoDB: Creating shared tablespace for temporary tables
2026-06-01 23:54:30 0 [Note] InnoDB: Setting file 'E:\xampp\mysql\data\ibtmp1' size to 12 MB. Physically writing the file full; Please wait ...
2026-06-01 23:54:30 0 [Note] InnoDB: File 'E:\xampp\mysql\data\ibtmp1' size is now 12 MB.
2026-06-01 23:54:30 0 [Note] InnoDB: Waiting for purge to start
2026-06-01 23:54:30 0 [Note] InnoDB: 10.4.32 started; log sequence number 2113512; transaction id 3391
2026-06-01 23:54:30 0 [Note] InnoDB: Loading buffer pool(s) from E:\xampp\mysql\data\ib_buffer_pool
2026-06-01 23:54:30 0 [Note] Plugin 'FEEDBACK' is disabled.
2026-06-01 23:54:30 0 [Note] Server socket created on IP: '::'.
2026-06-03  4:57:40 0 [Note] Starting MariaDB 10.4.32-MariaDB source revision c4143f909528e3fab0677a28631d10389354c491 as process 24808
2026-06-03  4:57:40 0 [Note] InnoDB: Mutexes and rw_locks use Windows interlocked functions
2026-06-03  4:57:40 0 [Note] InnoDB: Uses event mutexes
2026-06-03  4:57:40 0 [Note] InnoDB: Compressed tables use zlib 1.3
2026-06-03  4:57:40 0 [Note] InnoDB: Number of pools: 1
2026-06-03  4:57:40 0 [Note] InnoDB: Using SSE2 crc32 instructions
2026-06-03  4:57:40 0 [Note] InnoDB: Initializing buffer pool, total size = 16M, instances = 1, chunk size = 16M
2026-06-03  4:57:40 0 [Note] InnoDB: Completed initialization of buffer pool
2026-06-03  4:57:40 0 [Note] InnoDB: Starting crash recovery from checkpoint LSN=2113521
2026-06-03  4:57:40 0 [Note] InnoDB: 128 out of 128 rollback segments are active.
2026-06-03  4:57:40 0 [Note] InnoDB: Removed temporary tablespace data file: "ibtmp1"
2026-06-03  4:57:40 0 [Note] InnoDB: Creating shared tablespace for temporary tables
2026-06-03  4:57:40 0 [Note] InnoDB: Setting file 'E:\xampp\mysql\data\ibtmp1' size to 12 MB. Physically writing the file full; Please wait ...
2026-06-03  4:57:40 0 [Note] InnoDB: File 'E:\xampp\mysql\data\ibtmp1' size is now 12 MB.
2026-06-03  4:57:40 0 [Note] InnoDB: Waiting for purge to start
2026-06-03  4:57:40 0 [Note] InnoDB: 10.4.32 started; log sequence number 2113530; transaction id 3391
2026-06-03  4:57:40 0 [Note] InnoDB: Loading buffer pool(s) from E:\xampp\mysql\data\ib_buffer_pool
2026-06-03  4:57:40 0 [Note] Plugin 'FEEDBACK' is disabled.
2026-06-03  4:57:40 0 [Note] InnoDB: Buffer pool(s) load completed at 260603  4:57:40
2026-06-03  4:57:40 0 [Note] Server socket created on IP: '::'.
2026-06-04 14:00:21 0 [Note] Starting MariaDB 10.4.32-MariaDB source revision c4143f909528e3fab0677a28631d10389354c491 as process 11684
2026-06-04 14:00:21 0 [Note] InnoDB: Mutexes and rw_locks use Windows interlocked functions
2026-06-04 14:00:21 0 [Note] InnoDB: Uses event mutexes
2026-06-04 14:00:21 0 [Note] InnoDB: Compressed tables use zlib 1.3
2026-06-04 14:00:21 0 [Note] InnoDB: Number of pools: 1
2026-06-04 14:00:21 0 [Note] InnoDB: Using SSE2 crc32 instructions
2026-06-04 14:00:21 0 [Note] InnoDB: Initializing buffer pool, total size = 16M, instances = 1, chunk size = 16M
2026-06-04 14:00:21 0 [Note] InnoDB: Completed initialization of buffer pool
2026-06-04 14:00:21 0 [Note] InnoDB: Starting crash recovery from checkpoint LSN=2475683
2026-06-04 14:00:22 0 [Note] InnoDB: 128 out of 128 rollback segments are active.
2026-06-04 14:00:22 0 [Note] InnoDB: Removed temporary tablespace data file: "ibtmp1"
2026-06-04 14:00:22 0 [Note] InnoDB: Creating shared tablespace for temporary tables
2026-06-04 14:00:22 0 [Note] InnoDB: Setting file 'E:\xampp\mysql\data\ibtmp1' size to 12 MB. Physically writing the file full; Please wait ...
2026-06-04 14:00:22 0 [Note] InnoDB: File 'E:\xampp\mysql\data\ibtmp1' size is now 12 MB.
2026-06-04 14:00:22 0 [Note] InnoDB: Waiting for purge to start
2026-06-04 14:00:22 0 [Note] InnoDB: 10.4.32 started; log sequence number 2475692; transaction id 3623
2026-06-04 14:00:22 0 [Note] InnoDB: Loading buffer pool(s) from E:\xampp\mysql\data\ib_buffer_pool
2026-06-04 14:00:22 0 [Note] Plugin 'FEEDBACK' is disabled.
2026-06-04 14:00:22 0 [Note] Server socket created on IP: '::'.
2026-06-05  5:21:46 0 [Note] Starting MariaDB 10.4.32-MariaDB source revision c4143f909528e3fab0677a28631d10389354c491 as process 2000
2026-06-05  5:21:46 0 [Note] InnoDB: Mutexes and rw_locks use Windows interlocked functions
2026-06-05  5:21:46 0 [Note] InnoDB: Uses event mutexes
2026-06-05  5:21:46 0 [Note] InnoDB: Compressed tables use zlib 1.3
2026-06-05  5:21:46 0 [Note] InnoDB: Number of pools: 1
2026-06-05  5:21:46 0 [Note] InnoDB: Using SSE2 crc32 instructions
2026-06-05  5:21:46 0 [Note] InnoDB: Initializing buffer pool, total size = 16M, instances = 1, chunk size = 16M
2026-06-05  5:21:46 0 [Note] InnoDB: Completed initialization of buffer pool
2026-06-05  5:21:46 0 [Note] InnoDB: Starting crash recovery from checkpoint LSN=2476358
2026-06-05  5:21:46 0 [Note] InnoDB: 128 out of 128 rollback segments are active.
2026-06-05  5:21:46 0 [Note] InnoDB: Removed temporary tablespace data file: "ibtmp1"
2026-06-05  5:21:46 0 [Note] InnoDB: Creating shared tablespace for temporary tables
2026-06-05  5:21:46 0 [Note] InnoDB: Setting file 'E:\xampp\mysql\data\ibtmp1' size to 12 MB. Physically writing the file full; Please wait ...
2026-06-05  5:21:46 0 [Note] InnoDB: File 'E:\xampp\mysql\data\ibtmp1' size is now 12 MB.
2026-06-05  5:21:46 0 [Note] InnoDB: Waiting for purge to start
2026-06-05  5:21:46 0 [Note] InnoDB: 10.4.32 started; log sequence number 2476367; transaction id 3629
2026-06-05  5:21:46 0 [Note] InnoDB: Loading buffer pool(s) from E:\xampp\mysql\data\ib_buffer_pool
2026-06-05  5:21:46 0 [Note] Plugin 'FEEDBACK' is disabled.
2026-06-05  5:21:46 0 [Note] Server socket created on IP: '::'.
2026-06-08 11:41:32 0 [Note] Starting MariaDB 10.4.32-MariaDB source revision c4143f909528e3fab0677a28631d10389354c491 as process 35884
2026-06-08 11:41:32 0 [Note] InnoDB: Mutexes and rw_locks use Windows interlocked functions
2026-06-08 11:41:32 0 [Note] InnoDB: Uses event mutexes
2026-06-08 11:41:32 0 [Note] InnoDB: Compressed tables use zlib 1.3
2026-06-08 11:41:32 0 [Note] InnoDB: Number of pools: 1
2026-06-08 11:41:32 0 [Note] InnoDB: Using SSE2 crc32 instructions
2026-06-08 11:41:32 0 [Note] InnoDB: Initializing buffer pool, total size = 16M, instances = 1, chunk size = 16M
2026-06-08 11:41:32 0 [Note] InnoDB: Completed initialization of buffer pool
2026-06-08 11:41:32 0 [Note] InnoDB: Starting crash recovery from checkpoint LSN=2526263
2026-06-08 11:41:32 0 [Note] InnoDB: 128 out of 128 rollback segments are active.
2026-06-08 11:41:32 0 [Note] InnoDB: Removed temporary tablespace data file: "ibtmp1"
2026-06-08 11:41:32 0 [Note] InnoDB: Creating shared tablespace for temporary tables
2026-06-08 11:41:32 0 [Note] InnoDB: Setting file 'E:\xampp\mysql\data\ibtmp1' size to 12 MB. Physically writing the file full; Please wait ...
2026-06-08 11:41:32 0 [Note] InnoDB: File 'E:\xampp\mysql\data\ibtmp1' size is now 12 MB.
2026-06-08 11:41:32 0 [Note] InnoDB: Waiting for purge to start
2026-06-08 11:41:32 0 [Note] InnoDB: 10.4.32 started; log sequence number 2526272; transaction id 3743
2026-06-08 11:41:32 0 [Note] InnoDB: Loading buffer pool(s) from E:\xampp\mysql\data\ib_buffer_pool
2026-06-08 11:41:32 0 [Note] Plugin 'FEEDBACK' is disabled.
2026-06-08 11:41:32 0 [Note] InnoDB: Buffer pool(s) load completed at 260608 11:41:32
2026-06-08 11:41:32 0 [Note] Server socket created on IP: '::'.
2026-06-08 11:43:24 0 [Note] Starting MariaDB 10.4.32-MariaDB source revision c4143f909528e3fab0677a28631d10389354c491 as process 15924
2026-06-08 11:43:24 0 [Note] InnoDB: Mutexes and rw_locks use Windows interlocked functions
2026-06-08 11:43:24 0 [Note] InnoDB: Uses event mutexes
2026-06-08 11:43:24 0 [Note] InnoDB: Compressed tables use zlib 1.3
2026-06-08 11:43:24 0 [Note] InnoDB: Number of pools: 1
2026-06-08 11:43:24 0 [Note] InnoDB: Using SSE2 crc32 instructions
2026-06-08 11:43:24 0 [Note] InnoDB: Initializing buffer pool, total size = 16M, instances = 1, chunk size = 16M
2026-06-08 11:43:24 0 [Note] InnoDB: Completed initialization of buffer pool
2026-06-08 11:43:24 0 [Note] InnoDB: Starting crash recovery from checkpoint LSN=2526263
2026-06-08 11:43:24 0 [Note] InnoDB: 128 out of 128 rollback segments are active.
2026-06-08 11:43:24 0 [Note] InnoDB: Removed temporary tablespace data file: "ibtmp1"
2026-06-08 11:43:24 0 [Note] InnoDB: Creating shared tablespace for temporary tables
2026-06-08 11:43:24 0 [Note] InnoDB: Setting file 'E:\xampp\mysql\data\ibtmp1' size to 12 MB. Physically writing the file full; Please wait ...
2026-06-08 11:43:24 0 [Note] InnoDB: File 'E:\xampp\mysql\data\ibtmp1' size is now 12 MB.
2026-06-08 11:43:24 0 [Note] InnoDB: Waiting for purge to start
2026-06-08 11:43:24 0 [Note] InnoDB: 10.4.32 started; log sequence number 2526272; transaction id 3743
2026-06-08 11:43:24 0 [Note] InnoDB: Loading buffer pool(s) from E:\xampp\mysql\data\ib_buffer_pool
2026-06-08 11:43:24 0 [Note] Plugin 'FEEDBACK' is disabled.
2026-06-08 11:43:24 0 [Note] InnoDB: Buffer pool(s) load completed at 260608 11:43:24
2026-06-08 11:43:24 0 [Note] Server socket created on IP: '::'.
2026-06-10  5:09:42 0 [Note] Starting MariaDB 10.4.32-MariaDB source revision c4143f909528e3fab0677a28631d10389354c491 as process 30160
2026-06-10  5:09:42 0 [Note] InnoDB: Mutexes and rw_locks use Windows interlocked functions
2026-06-10  5:09:42 0 [Note] InnoDB: Uses event mutexes
2026-06-10  5:09:42 0 [Note] InnoDB: Compressed tables use zlib 1.3
2026-06-10  5:09:42 0 [Note] InnoDB: Number of pools: 1
2026-06-10  5:09:42 0 [Note] InnoDB: Using SSE2 crc32 instructions
2026-06-10  5:09:42 0 [Note] InnoDB: Initializing buffer pool, total size = 16M, instances = 1, chunk size = 16M
2026-06-10  5:09:42 0 [Note] InnoDB: Completed initialization of buffer pool
2026-06-10  5:09:42 0 [Note] InnoDB: Starting crash recovery from checkpoint LSN=2573355
2026-06-10  5:09:42 0 [Note] InnoDB: 128 out of 128 rollback segments are active.
2026-06-10  5:09:42 0 [Note] InnoDB: Removed temporary tablespace data file: "ibtmp1"
2026-06-10  5:09:42 0 [Note] InnoDB: Creating shared tablespace for temporary tables
2026-06-10  5:09:42 0 [Note] InnoDB: Setting file 'E:\xampp\mysql\data\ibtmp1' size to 12 MB. Physically writing the file full; Please wait ...
2026-06-10  5:09:42 0 [Note] InnoDB: File 'E:\xampp\mysql\data\ibtmp1' size is now 12 MB.
2026-06-10  5:09:42 0 [Note] InnoDB: Waiting for purge to start
2026-06-10  5:09:42 0 [Note] InnoDB: 10.4.32 started; log sequence number 2573364; transaction id 3821
2026-06-10  5:09:42 0 [Note] InnoDB: Loading buffer pool(s) from E:\xampp\mysql\data\ib_buffer_pool
2026-06-10  5:09:42 0 [Note] Plugin 'FEEDBACK' is disabled.
2026-06-10  5:09:42 0 [Note] Server socket created on IP: '::'.
2026-06-10 16:10:07 0 [Note] Starting MariaDB 10.4.32-MariaDB source revision c4143f909528e3fab0677a28631d10389354c491 as process 18652
2026-06-10 16:10:07 0 [Note] InnoDB: Mutexes and rw_locks use Windows interlocked functions
2026-06-10 16:10:07 0 [Note] InnoDB: Uses event mutexes
2026-06-10 16:10:07 0 [Note] InnoDB: Compressed tables use zlib 1.3
2026-06-10 16:10:07 0 [Note] InnoDB: Number of pools: 1
2026-06-10 16:10:07 0 [Note] InnoDB: Using SSE2 crc32 instructions
2026-06-10 16:10:07 0 [Note] InnoDB: Initializing buffer pool, total size = 16M, instances = 1, chunk size = 16M
2026-06-10 16:10:07 0 [Note] InnoDB: Completed initialization of buffer pool
2026-06-10 16:10:07 0 [Note] InnoDB: Starting crash recovery from checkpoint LSN=2731858
2026-06-10 16:10:07 0 [Note] InnoDB: 128 out of 128 rollback segments are active.
2026-06-10 16:10:07 0 [Note] InnoDB: Removed temporary tablespace data file: "ibtmp1"
2026-06-10 16:10:07 0 [Note] InnoDB: Creating shared tablespace for temporary tables
2026-06-10 16:10:07 0 [Note] InnoDB: Setting file 'E:\xampp\mysql\data\ibtmp1' size to 12 MB. Physically writing the file full; Please wait ...
2026-06-10 16:10:07 0 [Note] InnoDB: File 'E:\xampp\mysql\data\ibtmp1' size is now 12 MB.
2026-06-10 16:10:07 0 [Note] InnoDB: Waiting for purge to start
2026-06-10 16:10:07 0 [Note] InnoDB: 10.4.32 started; log sequence number 2731867; transaction id 4288
2026-06-10 16:10:07 0 [Note] InnoDB: Loading buffer pool(s) from E:\xampp\mysql\data\ib_buffer_pool
2026-06-10 16:10:07 0 [Note] Plugin 'FEEDBACK' is disabled.
2026-06-10 16:10:07 0 [Note] Server socket created on IP: '::'.
2026-06-11  9:14:15 0 [Note] Starting MariaDB 10.4.32-MariaDB source revision c4143f909528e3fab0677a28631d10389354c491 as process 9604
2026-06-11  9:14:15 0 [Note] InnoDB: Mutexes and rw_locks use Windows interlocked functions
2026-06-11  9:14:15 0 [Note] InnoDB: Uses event mutexes
2026-06-11  9:14:15 0 [Note] InnoDB: Compressed tables use zlib 1.3
2026-06-11  9:14:15 0 [Note] InnoDB: Number of pools: 1
2026-06-11  9:14:15 0 [Note] InnoDB: Using SSE2 crc32 instructions
2026-06-11  9:14:15 0 [Note] InnoDB: Initializing buffer pool, total size = 16M, instances = 1, chunk size = 16M
2026-06-11  9:14:15 0 [Note] InnoDB: Completed initialization of buffer pool
2026-06-11  9:14:15 0 [Note] InnoDB: Starting crash recovery from checkpoint LSN=2734255
2026-06-11  9:14:15 0 [Note] InnoDB: Starting final batch to recover 7 pages from redo log.
2026-06-11  9:14:16 0 [Note] InnoDB: 128 out of 128 rollback segments are active.
2026-06-11  9:14:16 0 [Note] InnoDB: Removed temporary tablespace data file: "ibtmp1"
2026-06-11  9:14:16 0 [Note] InnoDB: Creating shared tablespace for temporary tables
2026-06-11  9:14:16 0 [Note] InnoDB: Setting file 'E:\xampp\mysql\data\ibtmp1' size to 12 MB. Physically writing the file full; Please wait ...
2026-06-11  9:14:16 0 [Note] InnoDB: File 'E:\xampp\mysql\data\ibtmp1' size is now 12 MB.
2026-06-11  9:14:16 0 [Note] InnoDB: Waiting for purge to start
2026-06-11  9:14:16 0 [Note] InnoDB: 10.4.32 started; log sequence number 2735474; transaction id 4330
2026-06-11  9:14:16 0 [Note] InnoDB: Loading buffer pool(s) from E:\xampp\mysql\data\ib_buffer_pool
2026-06-11  9:14:16 0 [Note] Plugin 'FEEDBACK' is disabled.
2026-06-11  9:14:16 0 [Note] Server socket created on IP: '::'.
2026-06-11  9:14:16 0 [Note] InnoDB: Buffer pool(s) load completed at 260611  9:14:16
2026-06-11  9:14:35 0 [Note] Starting MariaDB 10.4.32-MariaDB source revision c4143f909528e3fab0677a28631d10389354c491 as process 24688
2026-06-11  9:14:35 0 [Note] InnoDB: Mutexes and rw_locks use Windows interlocked functions
2026-06-11  9:14:35 0 [Note] InnoDB: Uses event mutexes
2026-06-11  9:14:35 0 [Note] InnoDB: Compressed tables use zlib 1.3
2026-06-11  9:14:35 0 [Note] InnoDB: Number of pools: 1
2026-06-11  9:14:35 0 [Note] InnoDB: Using SSE2 crc32 instructions
2026-06-11  9:14:35 0 [Note] InnoDB: Initializing buffer pool, total size = 16M, instances = 1, chunk size = 16M
2026-06-11  9:14:35 0 [Note] InnoDB: Completed initialization of buffer pool
2026-06-11  9:14:36 0 [Note] InnoDB: 128 out of 128 rollback segments are active.
2026-06-11  9:14:36 0 [Note] InnoDB: Creating shared tablespace for temporary tables
2026-06-11  9:14:36 0 [Note] InnoDB: Setting file 'E:\xampp\mysql\data\ibtmp1' size to 12 MB. Physically writing the file full; Please wait ...
2026-06-11  9:14:36 0 [Note] InnoDB: File 'E:\xampp\mysql\data\ibtmp1' size is now 12 MB.
2026-06-11  9:14:36 0 [Note] InnoDB: Waiting for purge to start
2026-06-11  9:14:36 0 [Note] InnoDB: 10.4.32 started; log sequence number 2735696; transaction id 4330
2026-06-11  9:14:36 0 [Note] InnoDB: Loading buffer pool(s) from E:\xampp\mysql\data\ib_buffer_pool
2026-06-11  9:14:36 0 [Note] Plugin 'FEEDBACK' is disabled.
2026-06-11  9:14:36 0 [Note] Server socket created on IP: '::'.
2026-06-11  9:14:40 0 [Note] Starting MariaDB 10.4.32-MariaDB source revision c4143f909528e3fab0677a28631d10389354c491 as process 6080
2026-06-11  9:14:40 0 [Note] InnoDB: Mutexes and rw_locks use Windows interlocked functions
2026-06-11  9:14:40 0 [Note] InnoDB: Uses event mutexes
2026-06-11  9:14:40 0 [Note] InnoDB: Compressed tables use zlib 1.3
2026-06-11  9:14:40 0 [Note] InnoDB: Number of pools: 1
2026-06-11  9:14:40 0 [Note] InnoDB: Using SSE2 crc32 instructions
2026-06-11  9:14:40 0 [Note] InnoDB: Initializing buffer pool, total size = 16M, instances = 1, chunk size = 16M
2026-06-11  9:14:40 0 [Note] InnoDB: Completed initialization of buffer pool
2026-06-11  9:14:40 0 [Note] InnoDB: 128 out of 128 rollback segments are active.
2026-06-11  9:14:40 0 [Note] InnoDB: Creating shared tablespace for temporary tables
2026-06-11  9:14:40 0 [Note] InnoDB: Setting file 'E:\xampp\mysql\data\ibtmp1' size to 12 MB. Physically writing the file full; Please wait ...
2026-06-11  9:14:40 0 [Note] InnoDB: File 'E:\xampp\mysql\data\ibtmp1' size is now 12 MB.
2026-06-11  9:14:40 0 [Note] InnoDB: Waiting for purge to start
2026-06-11  9:14:40 0 [Note] InnoDB: 10.4.32 started; log sequence number 2735705; transaction id 4330
2026-06-11  9:14:40 0 [Note] InnoDB: Loading buffer pool(s) from E:\xampp\mysql\data\ib_buffer_pool
2026-06-11  9:14:40 0 [Note] Plugin 'FEEDBACK' is disabled.
2026-06-11  9:14:40 0 [Note] Server socket created on IP: '::'.
2026-06-11  9:14:45 0 [Note] Starting MariaDB 10.4.32-MariaDB source revision c4143f909528e3fab0677a28631d10389354c491 as process 27412
2026-06-11  9:14:45 0 [Note] InnoDB: Mutexes and rw_locks use Windows interlocked functions
2026-06-11  9:14:45 0 [Note] InnoDB: Uses event mutexes
2026-06-11  9:14:45 0 [Note] InnoDB: Compressed tables use zlib 1.3
2026-06-11  9:14:45 0 [Note] InnoDB: Number of pools: 1
2026-06-11  9:14:45 0 [Note] InnoDB: Using SSE2 crc32 instructions
2026-06-11  9:14:45 0 [Note] InnoDB: Initializing buffer pool, total size = 16M, instances = 1, chunk size = 16M
2026-06-11  9:14:45 0 [Note] InnoDB: Completed initialization of buffer pool
2026-06-11  9:14:45 0 [Note] InnoDB: 128 out of 128 rollback segments are active.
2026-06-11  9:14:45 0 [Note] InnoDB: Creating shared tablespace for temporary tables
2026-06-11  9:14:45 0 [Note] InnoDB: Setting file 'E:\xampp\mysql\data\ibtmp1' size to 12 MB. Physically writing the file full; Please wait ...
2026-06-11  9:14:45 0 [Note] InnoDB: File 'E:\xampp\mysql\data\ibtmp1' size is now 12 MB.
2026-06-11  9:14:45 0 [Note] InnoDB: Waiting for purge to start
2026-06-11  9:14:45 0 [Note] InnoDB: 10.4.32 started; log sequence number 2735714; transaction id 4330
2026-06-11  9:14:45 0 [Note] InnoDB: Loading buffer pool(s) from E:\xampp\mysql\data\ib_buffer_pool
2026-06-11  9:14:45 0 [Note] Plugin 'FEEDBACK' is disabled.
2026-06-11  9:14:46 0 [Note] Server socket created on IP: '::'.
2026-06-11  9:14:53 0 [Note] Starting MariaDB 10.4.32-MariaDB source revision c4143f909528e3fab0677a28631d10389354c491 as process 14424
2026-06-11  9:14:53 0 [Note] InnoDB: Mutexes and rw_locks use Windows interlocked functions
2026-06-11  9:14:53 0 [Note] InnoDB: Uses event mutexes
2026-06-11  9:14:53 0 [Note] InnoDB: Compressed tables use zlib 1.3
2026-06-11  9:14:53 0 [Note] InnoDB: Number of pools: 1
2026-06-11  9:14:53 0 [Note] InnoDB: Using SSE2 crc32 instructions
2026-06-11  9:14:53 0 [Note] InnoDB: Initializing buffer pool, total size = 16M, instances = 1, chunk size = 16M
2026-06-11  9:14:53 0 [Note] InnoDB: Completed initialization of buffer pool
2026-06-11  9:14:53 0 [Note] InnoDB: 128 out of 128 rollback segments are active.
2026-06-11  9:14:53 0 [Note] InnoDB: Creating shared tablespace for temporary tables
2026-06-11  9:14:53 0 [Note] InnoDB: Setting file 'E:\xampp\mysql\data\ibtmp1' size to 12 MB. Physically writing the file full; Please wait ...
2026-06-11  9:14:53 0 [Note] InnoDB: File 'E:\xampp\mysql\data\ibtmp1' size is now 12 MB.
2026-06-11  9:14:53 0 [Note] InnoDB: Waiting for purge to start
2026-06-11  9:14:53 0 [Note] InnoDB: 10.4.32 started; log sequence number 2735723; transaction id 4330
2026-06-11  9:14:53 0 [Note] InnoDB: Loading buffer pool(s) from E:\xampp\mysql\data\ib_buffer_pool
2026-06-11  9:14:53 0 [Note] Plugin 'FEEDBACK' is disabled.
2026-06-11  9:14:53 0 [Note] Server socket created on IP: '::'.
2026-06-11  9:15:10 0 [Note] Starting MariaDB 10.4.32-MariaDB source revision c4143f909528e3fab0677a28631d10389354c491 as process 3576
2026-06-11  9:15:10 0 [Note] InnoDB: Mutexes and rw_locks use Windows interlocked functions
2026-06-11  9:15:10 0 [Note] InnoDB: Uses event mutexes
2026-06-11  9:15:10 0 [Note] InnoDB: Compressed tables use zlib 1.3
2026-06-11  9:15:10 0 [Note] InnoDB: Number of pools: 1
2026-06-11  9:15:10 0 [Note] InnoDB: Using SSE2 crc32 instructions
2026-06-11  9:15:10 0 [Note] InnoDB: Initializing buffer pool, total size = 16M, instances = 1, chunk size = 16M
2026-06-11  9:15:10 0 [Note] InnoDB: Completed initialization of buffer pool
2026-06-11  9:15:10 0 [Note] InnoDB: 128 out of 128 rollback segments are active.
2026-06-11  9:15:10 0 [Note] InnoDB: Creating shared tablespace for temporary tables
2026-06-11  9:15:10 0 [Note] InnoDB: Setting file 'E:\xampp\mysql\data\ibtmp1' size to 12 MB. Physically writing the file full; Please wait ...
2026-06-11  9:15:10 0 [Note] InnoDB: File 'E:\xampp\mysql\data\ibtmp1' size is now 12 MB.
2026-06-11  9:15:10 0 [Note] InnoDB: Waiting for purge to start
2026-06-11  9:15:10 0 [Note] InnoDB: 10.4.32 started; log sequence number 2735732; transaction id 4330
2026-06-11  9:15:10 0 [Note] InnoDB: Loading buffer pool(s) from E:\xampp\mysql\data\ib_buffer_pool
2026-06-11  9:15:10 0 [Note] Plugin 'FEEDBACK' is disabled.
2026-06-11  9:15:10 0 [Note] Server socket created on IP: '::'.
2026-06-11  9:16:11 0 [Note] Starting MariaDB 10.4.32-MariaDB source revision c4143f909528e3fab0677a28631d10389354c491 as process 10756
2026-06-11  9:16:11 0 [Note] InnoDB: Mutexes and rw_locks use Windows interlocked functions
2026-06-11  9:16:11 0 [Note] InnoDB: Uses event mutexes
2026-06-11  9:16:11 0 [Note] InnoDB: Compressed tables use zlib 1.3
2026-06-11  9:16:11 0 [Note] InnoDB: Number of pools: 1
2026-06-11  9:16:11 0 [Note] InnoDB: Using SSE2 crc32 instructions
2026-06-11  9:16:11 0 [Note] InnoDB: Initializing buffer pool, total size = 16M, instances = 1, chunk size = 16M
2026-06-11  9:16:11 0 [Note] InnoDB: Completed initialization of buffer pool
2026-06-11  9:16:11 0 [Note] InnoDB: 128 out of 128 rollback segments are active.
2026-06-11  9:16:11 0 [Note] InnoDB: Creating shared tablespace for temporary tables
2026-06-11  9:16:11 0 [Note] InnoDB: Setting file 'E:\xampp\mysql\data\ibtmp1' size to 12 MB. Physically writing the file full; Please wait ...
2026-06-11  9:16:11 0 [Note] InnoDB: File 'E:\xampp\mysql\data\ibtmp1' size is now 12 MB.
2026-06-11  9:16:11 0 [Note] InnoDB: Waiting for purge to start
2026-06-11  9:16:11 0 [Note] InnoDB: 10.4.32 started; log sequence number 2735741; transaction id 4330
2026-06-11  9:16:11 0 [Note] InnoDB: Loading buffer pool(s) from E:\xampp\mysql\data\ib_buffer_pool
2026-06-11  9:16:11 0 [Note] Plugin 'FEEDBACK' is disabled.
2026-06-11  9:16:11 0 [Note] Server socket created on IP: '::'.
2026-06-11  9:16:15 0 [Note] Starting MariaDB 10.4.32-MariaDB source revision c4143f909528e3fab0677a28631d10389354c491 as process 22744
2026-06-11  9:16:15 0 [Note] InnoDB: Mutexes and rw_locks use Windows interlocked functions
2026-06-11  9:16:15 0 [Note] InnoDB: Uses event mutexes
2026-06-11  9:16:15 0 [Note] InnoDB: Compressed tables use zlib 1.3
2026-06-11  9:16:15 0 [Note] InnoDB: Number of pools: 1
2026-06-11  9:16:15 0 [Note] InnoDB: Using SSE2 crc32 instructions
2026-06-11  9:16:15 0 [Note] InnoDB: Initializing buffer pool, total size = 16M, instances = 1, chunk size = 16M
2026-06-11  9:16:15 0 [Note] InnoDB: Completed initialization of buffer pool
2026-06-11  9:16:16 0 [Note] InnoDB: 128 out of 128 rollback segments are active.
2026-06-11  9:16:16 0 [Note] InnoDB: Creating shared tablespace for temporary tables
2026-06-11  9:16:16 0 [Note] InnoDB: Setting file 'E:\xampp\mysql\data\ibtmp1' size to 12 MB. Physically writing the file full; Please wait ...
2026-06-11  9:16:16 0 [Note] InnoDB: File 'E:\xampp\mysql\data\ibtmp1' size is now 12 MB.
2026-06-11  9:16:16 0 [Note] InnoDB: Waiting for purge to start
2026-06-11  9:16:17 0 [Note] Starting MariaDB 10.4.32-MariaDB source revision c4143f909528e3fab0677a28631d10389354c491 as process 4576
2026-06-11  9:16:17 0 [Note] InnoDB: Mutexes and rw_locks use Windows interlocked functions
2026-06-11  9:16:17 0 [Note] InnoDB: Uses event mutexes
2026-06-11  9:16:17 0 [Note] InnoDB: Compressed tables use zlib 1.3
2026-06-11  9:16:17 0 [Note] InnoDB: Number of pools: 1
2026-06-11  9:16:17 0 [Note] InnoDB: Using SSE2 crc32 instructions
2026-06-11  9:16:17 0 [Note] InnoDB: Initializing buffer pool, total size = 16M, instances = 1, chunk size = 16M
2026-06-11  9:16:17 0 [Note] InnoDB: Completed initialization of buffer pool
2026-06-11  9:16:17 0 [Note] InnoDB: 128 out of 128 rollback segments are active.
2026-06-11  9:16:17 0 [Note] InnoDB: Removed temporary tablespace data file: "ibtmp1"
2026-06-11  9:16:17 0 [Note] InnoDB: Creating shared tablespace for temporary tables
2026-06-11  9:16:17 0 [Note] InnoDB: Setting file 'E:\xampp\mysql\data\ibtmp1' size to 12 MB. Physically writing the file full; Please wait ...
2026-06-11  9:16:17 0 [Note] InnoDB: File 'E:\xampp\mysql\data\ibtmp1' size is now 12 MB.
2026-06-11  9:16:17 0 [Note] InnoDB: Waiting for purge to start
2026-06-11  9:16:17 0 [Note] InnoDB: 10.4.32 started; log sequence number 2735750; transaction id 4330
2026-06-11  9:16:17 0 [Note] InnoDB: Loading buffer pool(s) from E:\xampp\mysql\data\ib_buffer_pool
2026-06-11  9:16:17 0 [Note] Plugin 'FEEDBACK' is disabled.
2026-06-11  9:16:17 0 [Note] Server socket created on IP: '::'.
2026-06-11  9:20:52 0 [Note] Starting MariaDB 10.4.32-MariaDB source revision c4143f909528e3fab0677a28631d10389354c491 as process 14060
2026-06-11  9:20:52 0 [Note] InnoDB: Mutexes and rw_locks use Windows interlocked functions
2026-06-11  9:20:52 0 [Note] InnoDB: Uses event mutexes
2026-06-11  9:20:52 0 [Note] InnoDB: Compressed tables use zlib 1.3
2026-06-11  9:20:52 0 [Note] InnoDB: Number of pools: 1
2026-06-11  9:20:52 0 [Note] InnoDB: Using SSE2 crc32 instructions
2026-06-11  9:20:52 0 [Note] InnoDB: Initializing buffer pool, total size = 16M, instances = 1, chunk size = 16M
2026-06-11  9:20:52 0 [Note] InnoDB: Completed initialization of buffer pool
2026-06-11  9:20:52 0 [Note] InnoDB: 128 out of 128 rollback segments are active.
2026-06-11  9:20:52 0 [Note] InnoDB: Creating shared tablespace for temporary tables
2026-06-11  9:20:52 0 [Note] InnoDB: Setting file 'E:\xampp\mysql\data\ibtmp1' size to 12 MB. Physically writing the file full; Please wait ...
2026-06-11  9:20:52 0 [Note] InnoDB: File 'E:\xampp\mysql\data\ibtmp1' size is now 12 MB.
2026-06-11  9:20:52 0 [Note] InnoDB: Waiting for purge to start
2026-06-11  9:20:52 0 [Note] InnoDB: 10.4.32 started; log sequence number 2735759; transaction id 4330
2026-06-11  9:20:52 0 [Note] InnoDB: Loading buffer pool(s) from E:\xampp\mysql\data\ib_buffer_pool
2026-06-11  9:20:52 0 [Note] Plugin 'FEEDBACK' is disabled.
2026-06-11  9:20:52 0 [Note] Server socket created on IP: '::'.
2026-06-11  9:37:29 0 [Note] Starting MariaDB 10.4.32-MariaDB source revision c4143f909528e3fab0677a28631d10389354c491 as process 24112
2026-06-11  9:37:29 0 [Note] InnoDB: Mutexes and rw_locks use Windows interlocked functions
2026-06-11  9:37:29 0 [Note] InnoDB: Uses event mutexes
2026-06-11  9:37:29 0 [Note] InnoDB: Compressed tables use zlib 1.3
2026-06-11  9:37:29 0 [Note] InnoDB: Number of pools: 1
2026-06-11  9:37:29 0 [Note] InnoDB: Using SSE2 crc32 instructions
2026-06-11  9:37:29 0 [Note] InnoDB: Initializing buffer pool, total size = 16M, instances = 1, chunk size = 16M
2026-06-11  9:37:29 0 [Note] InnoDB: Completed initialization of buffer pool
2026-06-11  9:37:29 0 [Note] InnoDB: 128 out of 128 rollback segments are active.
2026-06-11  9:37:29 0 [Note] InnoDB: Creating shared tablespace for temporary tables
2026-06-11  9:37:29 0 [Note] InnoDB: Setting file 'E:\xampp\mysql\data\ibtmp1' size to 12 MB. Physically writing the file full; Please wait ...
2026-06-11  9:37:29 0 [Note] InnoDB: File 'E:\xampp\mysql\data\ibtmp1' size is now 12 MB.
2026-06-11  9:37:29 0 [Note] InnoDB: Waiting for purge to start
2026-06-11  9:37:29 0 [Note] InnoDB: 10.4.32 started; log sequence number 2735768; transaction id 4330
2026-06-11  9:37:29 0 [Note] InnoDB: Loading buffer pool(s) from E:\xampp\mysql\data\ib_buffer_pool
2026-06-11  9:37:29 0 [Note] Plugin 'FEEDBACK' is disabled.
2026-06-11  9:37:29 0 [Note] Server socket created on IP: '::'.
